{
  "/Users/hossein.movahed/Desktop/test/fullstack/backend/bitbucket-test/app.js": {
    "path": "/Users/hossein.movahed/Desktop/test/fullstack/backend/bitbucket-test/app.js",
    "statementMap": {
      "0": {
        "start": { "line": 1, "column": 15 },
        "end": { "line": 1, "column": 40 }
      },
      "1": {
        "start": { "line": 2, "column": 16 },
        "end": { "line": 2, "column": 34 }
      },
      "2": {
        "start": { "line": 3, "column": 0 },
        "end": { "line": 3, "column": 32 }
      },
      "3": {
        "start": { "line": 4, "column": 12 },
        "end": { "line": 4, "column": 21 }
      },
      "4": {
        "start": { "line": 5, "column": 13 },
        "end": { "line": 5, "column": 28 }
      },
      "5": {
        "start": { "line": 6, "column": 20 },
        "end": { "line": 6, "column": 49 }
      },
      "6": {
        "start": { "line": 7, "column": 19 },
        "end": { "line": 7, "column": 48 }
      },
      "7": {
        "start": { "line": 8, "column": 15 },
        "end": { "line": 8, "column": 40 }
      },
      "8": {
        "start": { "line": 9, "column": 17 },
        "end": { "line": 9, "column": 36 }
      },
      "9": {
        "start": { "line": 11, "column": 0 },
        "end": { "line": 11, "column": 52 }
      },
      "10": {
        "start": { "line": 13, "column": 0 },
        "end": { "line": 20, "column": 5 }
      },
      "11": {
        "start": { "line": 16, "column": 4 },
        "end": { "line": 16, "column": 42 }
      },
      "12": {
        "start": { "line": 19, "column": 4 },
        "end": { "line": 19, "column": 68 }
      },
      "13": {
        "start": { "line": 22, "column": 0 },
        "end": { "line": 22, "column": 16 }
      },
      "14": {
        "start": { "line": 23, "column": 0 },
        "end": { "line": 23, "column": 33 }
      },
      "15": {
        "start": { "line": 24, "column": 0 },
        "end": { "line": 24, "column": 24 }
      },
      "16": {
        "start": { "line": 25, "column": 0 },
        "end": { "line": 25, "column": 34 }
      },
      "17": {
        "start": { "line": 27, "column": 0 },
        "end": { "line": 27, "column": 35 }
      },
      "18": {
        "start": { "line": 29, "column": 0 },
        "end": { "line": 29, "column": 36 }
      },
      "19": {
        "start": { "line": 30, "column": 0 },
        "end": { "line": 30, "column": 33 }
      },
      "20": {
        "start": { "line": 32, "column": 0 },
        "end": { "line": 32, "column": 21 }
      }
    },
    "fnMap": {
      "0": {
        "name": "(anonymous_0)",
        "decl": {
          "start": { "line": 15, "column": 8 },
          "end": { "line": 15, "column": 9 }
        },
        "loc": {
          "start": { "line": 15, "column": 14 },
          "end": { "line": 17, "column": 3 }
        },
        "line": 15
      },
      "1": {
        "name": "(anonymous_1)",
        "decl": {
          "start": { "line": 18, "column": 9 },
          "end": { "line": 18, "column": 10 }
        },
        "loc": {
          "start": { "line": 18, "column": 20 },
          "end": { "line": 20, "column": 3 }
        },
        "line": 18
      }
    },
    "branchMap": {},
    "s": {
      "0": 1,
      "1": 1,
      "2": 1,
      "3": 1,
      "4": 1,
      "5": 1,
      "6": 1,
      "7": 1,
      "8": 1,
      "9": 1,
      "10": 1,
      "11": 1,
      "12": 0,
      "13": 1,
      "14": 1,
      "15": 1,
      "16": 1,
      "17": 1,
      "18": 1,
      "19": 1,
      "20": 1
    },
    "f": { "0": 1, "1": 0 },
    "b": {},
    "_coverageSchema": "1a1c01bbd47fc00a2c39e90264f33305004495a9",
    "hash": "bb8626f707956aad45a252412e62adc15cdfd10f"
  },
  "/Users/hossein.movahed/Desktop/test/fullstack/backend/bitbucket-test/controllers/note.js": {
    "path": "/Users/hossein.movahed/Desktop/test/fullstack/backend/bitbucket-test/controllers/note.js",
    "statementMap": {
      "0": {
        "start": { "line": 1, "column": 20 },
        "end": { "line": 1, "column": 47 }
      },
      "1": {
        "start": { "line": 3, "column": 13 },
        "end": { "line": 3, "column": 38 }
      },
      "2": {
        "start": { "line": 5, "column": 0 },
        "end": { "line": 8, "column": 3 }
      },
      "3": {
        "start": { "line": 6, "column": 16 },
        "end": { "line": 6, "column": 35 }
      },
      "4": {
        "start": { "line": 7, "column": 2 },
        "end": { "line": 7, "column": 52 }
      },
      "5": {
        "start": { "line": 7, "column": 36 },
        "end": { "line": 7, "column": 49 }
      },
      "6": {
        "start": { "line": 10, "column": 0 },
        "end": { "line": 19, "column": 3 }
      },
      "7": {
        "start": { "line": 11, "column": 15 },
        "end": { "line": 11, "column": 23 }
      },
      "8": {
        "start": { "line": 12, "column": 15 },
        "end": { "line": 16, "column": 4 }
      },
      "9": {
        "start": { "line": 17, "column": 20 },
        "end": { "line": 17, "column": 37 }
      },
      "10": {
        "start": { "line": 18, "column": 2 },
        "end": { "line": 18, "column": 22 }
      },
      "11": {
        "start": { "line": 21, "column": 0 },
        "end": { "line": 28, "column": 3 }
      },
      "12": {
        "start": { "line": 22, "column": 15 },
        "end": { "line": 22, "column": 49 }
      },
      "13": {
        "start": { "line": 23, "column": 2 },
        "end": { "line": 27, "column": 3 }
      },
      "14": {
        "start": { "line": 24, "column": 4 },
        "end": { "line": 24, "column": 19 }
      },
      "15": {
        "start": { "line": 26, "column": 4 },
        "end": { "line": 26, "column": 26 }
      },
      "16": {
        "start": { "line": 30, "column": 0 },
        "end": { "line": 33, "column": 3 }
      },
      "17": {
        "start": { "line": 31, "column": 2 },
        "end": { "line": 31, "column": 46 }
      },
      "18": {
        "start": { "line": 32, "column": 2 },
        "end": { "line": 32, "column": 24 }
      },
      "19": {
        "start": { "line": 35, "column": 0 },
        "end": { "line": 46, "column": 3 }
      },
      "20": {
        "start": { "line": 36, "column": 15 },
        "end": { "line": 36, "column": 23 }
      },
      "21": {
        "start": { "line": 38, "column": 15 },
        "end": { "line": 41, "column": 3 }
      },
      "22": {
        "start": { "line": 43, "column": 2 },
        "end": { "line": 45, "column": 35 }
      },
      "23": {
        "start": { "line": 44, "column": 27 },
        "end": { "line": 44, "column": 48 }
      },
      "24": {
        "start": { "line": 45, "column": 22 },
        "end": { "line": 45, "column": 33 }
      },
      "25": {
        "start": { "line": 48, "column": 0 },
        "end": { "line": 48, "column": 29 }
      }
    },
    "fnMap": {
      "0": {
        "name": "(anonymous_0)",
        "decl": {
          "start": { "line": 5, "column": 21 },
          "end": { "line": 5, "column": 22 }
        },
        "loc": {
          "start": { "line": 5, "column": 50 },
          "end": { "line": 8, "column": 1 }
        },
        "line": 5
      },
      "1": {
        "name": "(anonymous_1)",
        "decl": {
          "start": { "line": 7, "column": 26 },
          "end": { "line": 7, "column": 27 }
        },
        "loc": {
          "start": { "line": 7, "column": 36 },
          "end": { "line": 7, "column": 49 }
        },
        "line": 7
      },
      "2": {
        "name": "(anonymous_2)",
        "decl": {
          "start": { "line": 10, "column": 22 },
          "end": { "line": 10, "column": 23 }
        },
        "loc": {
          "start": { "line": 10, "column": 42 },
          "end": { "line": 19, "column": 1 }
        },
        "line": 10
      },
      "3": {
        "name": "(anonymous_3)",
        "decl": {
          "start": { "line": 21, "column": 24 },
          "end": { "line": 21, "column": 25 }
        },
        "loc": {
          "start": { "line": 21, "column": 44 },
          "end": { "line": 28, "column": 1 }
        },
        "line": 21
      },
      "4": {
        "name": "(anonymous_4)",
        "decl": {
          "start": { "line": 30, "column": 27 },
          "end": { "line": 30, "column": 28 }
        },
        "loc": {
          "start": { "line": 30, "column": 47 },
          "end": { "line": 33, "column": 1 }
        },
        "line": 30
      },
      "5": {
        "name": "(anonymous_5)",
        "decl": {
          "start": { "line": 35, "column": 24 },
          "end": { "line": 35, "column": 25 }
        },
        "loc": {
          "start": { "line": 35, "column": 44 },
          "end": { "line": 46, "column": 1 }
        },
        "line": 35
      },
      "6": {
        "name": "(anonymous_6)",
        "decl": {
          "start": { "line": 44, "column": 10 },
          "end": { "line": 44, "column": 11 }
        },
        "loc": {
          "start": { "line": 44, "column": 27 },
          "end": { "line": 44, "column": 48 }
        },
        "line": 44
      },
      "7": {
        "name": "(anonymous_7)",
        "decl": {
          "start": { "line": 45, "column": 11 },
          "end": { "line": 45, "column": 12 }
        },
        "loc": {
          "start": { "line": 45, "column": 22 },
          "end": { "line": 45, "column": 33 }
        },
        "line": 45
      }
    },
    "branchMap": {
      "0": {
        "loc": {
          "start": { "line": 14, "column": 15 },
          "end": { "line": 14, "column": 68 }
        },
        "type": "cond-expr",
        "locations": [
          {
            "start": { "line": 14, "column": 46 },
            "end": { "line": 14, "column": 51 }
          },
          {
            "start": { "line": 14, "column": 54 },
            "end": { "line": 14, "column": 68 }
          }
        ],
        "line": 14
      },
      "1": {
        "loc": {
          "start": { "line": 23, "column": 2 },
          "end": { "line": 27, "column": 3 }
        },
        "type": "if",
        "locations": [
          {
            "start": { "line": 23, "column": 2 },
            "end": { "line": 27, "column": 3 }
          },
          {
            "start": { "line": 25, "column": 9 },
            "end": { "line": 27, "column": 3 }
          }
        ],
        "line": 23
      }
    },
    "s": {
      "0": 1,
      "1": 1,
      "2": 1,
      "3": 0,
      "4": 0,
      "5": 0,
      "6": 1,
      "7": 0,
      "8": 0,
      "9": 0,
      "10": 0,
      "11": 1,
      "12": 3,
      "13": 2,
      "14": 1,
      "15": 1,
      "16": 1,
      "17": 0,
      "18": 0,
      "19": 1,
      "20": 0,
      "21": 0,
      "22": 0,
      "23": 0,
      "24": 0,
      "25": 1
    },
    "f": { "0": 0, "1": 0, "2": 0, "3": 3, "4": 0, "5": 0, "6": 0, "7": 0 },
    "b": { "0": [0, 0], "1": [1, 1] },
    "_coverageSchema": "1a1c01bbd47fc00a2c39e90264f33305004495a9",
    "hash": "5e2c629773e2b78550b51ae8c88c651bb50f3fae"
  },
  "/Users/hossein.movahed/Desktop/test/fullstack/backend/bitbucket-test/models/note.js": {
    "path": "/Users/hossein.movahed/Desktop/test/fullstack/backend/bitbucket-test/models/note.js",
    "statementMap": {
      "0": {
        "start": { "line": 1, "column": 17 },
        "end": { "line": 1, "column": 36 }
      },
      "1": {
        "start": { "line": 3, "column": 19 },
        "end": { "line": 7, "column": 2 }
      },
      "2": {
        "start": { "line": 9, "column": 0 },
        "end": { "line": 15, "column": 3 }
      },
      "3": {
        "start": { "line": 11, "column": 4 },
        "end": { "line": 11, "column": 54 }
      },
      "4": {
        "start": { "line": 12, "column": 4 },
        "end": { "line": 12, "column": 30 }
      },
      "5": {
        "start": { "line": 13, "column": 4 },
        "end": { "line": 13, "column": 30 }
      },
      "6": {
        "start": { "line": 17, "column": 0 },
        "end": { "line": 17, "column": 52 }
      }
    },
    "fnMap": {
      "0": {
        "name": "(anonymous_0)",
        "decl": {
          "start": { "line": 10, "column": 13 },
          "end": { "line": 10, "column": 14 }
        },
        "loc": {
          "start": { "line": 10, "column": 43 },
          "end": { "line": 14, "column": 3 }
        },
        "line": 10
      }
    },
    "branchMap": {},
    "s": { "0": 1, "1": 1, "2": 1, "3": 3, "4": 3, "5": 3, "6": 1 },
    "f": { "0": 3 },
    "b": {},
    "_coverageSchema": "1a1c01bbd47fc00a2c39e90264f33305004495a9",
    "hash": "457173264416a694a8c11d70ce0daa89e5fb0d8d"
  },
  "/Users/hossein.movahed/Desktop/test/fullstack/backend/bitbucket-test/tests/test_helper.js": {
    "path": "/Users/hossein.movahed/Desktop/test/fullstack/backend/bitbucket-test/tests/test_helper.js",
    "statementMap": {
      "0": {
        "start": { "line": 1, "column": 13 },
        "end": { "line": 1, "column": 38 }
      },
      "1": {
        "start": { "line": 2, "column": 20 },
        "end": { "line": 13, "column": 1 }
      },
      "2": {
        "start": { "line": 14, "column": 23 },
        "end": { "line": 21, "column": 1 }
      },
      "3": {
        "start": { "line": 15, "column": 15 },
        "end": { "line": 15, "column": 79 }
      },
      "4": {
        "start": { "line": 16, "column": 2 },
        "end": { "line": 16, "column": 19 }
      },
      "5": {
        "start": { "line": 17, "column": 2 },
        "end": { "line": 17, "column": 21 }
      },
      "6": {
        "start": { "line": 19, "column": 2 },
        "end": { "line": 19, "column": 28 }
      },
      "7": {
        "start": { "line": 22, "column": 18 },
        "end": { "line": 25, "column": 1 }
      },
      "8": {
        "start": { "line": 23, "column": 16 },
        "end": { "line": 23, "column": 35 }
      },
      "9": {
        "start": { "line": 24, "column": 2 },
        "end": { "line": 24, "column": 41 }
      },
      "10": {
        "start": { "line": 24, "column": 27 },
        "end": { "line": 24, "column": 40 }
      },
      "11": {
        "start": { "line": 27, "column": 0 },
        "end": { "line": 29, "column": 1 }
      }
    },
    "fnMap": {
      "0": {
        "name": "(anonymous_0)",
        "decl": {
          "start": { "line": 14, "column": 23 },
          "end": { "line": 14, "column": 24 }
        },
        "loc": {
          "start": { "line": 14, "column": 35 },
          "end": { "line": 21, "column": 1 }
        },
        "line": 14
      },
      "1": {
        "name": "(anonymous_1)",
        "decl": {
          "start": { "line": 22, "column": 18 },
          "end": { "line": 22, "column": 19 }
        },
        "loc": {
          "start": { "line": 22, "column": 31 },
          "end": { "line": 25, "column": 1 }
        },
        "line": 22
      },
      "2": {
        "name": "(anonymous_2)",
        "decl": {
          "start": { "line": 24, "column": 19 },
          "end": { "line": 24, "column": 20 }
        },
        "loc": {
          "start": { "line": 24, "column": 27 },
          "end": { "line": 24, "column": 40 }
        },
        "line": 24
      }
    },
    "branchMap": {},
    "s": {
      "0": 1,
      "1": 1,
      "2": 1,
      "3": 1,
      "4": 1,
      "5": 1,
      "6": 1,
      "7": 1,
      "8": 1,
      "9": 1,
      "10": 2,
      "11": 1
    },
    "f": { "0": 1, "1": 1, "2": 2 },
    "b": {},
    "_coverageSchema": "1a1c01bbd47fc00a2c39e90264f33305004495a9",
    "hash": "9f37e97e90e3de94613cb7056314f6b3071e2d16"
  },
  "/Users/hossein.movahed/Desktop/test/fullstack/backend/bitbucket-test/utils/config.js": {
    "path": "/Users/hossein.movahed/Desktop/test/fullstack/backend/bitbucket-test/utils/config.js",
    "statementMap": {
      "0": {
        "start": { "line": 1, "column": 0 },
        "end": { "line": 1, "column": 27 }
      },
      "1": {
        "start": { "line": 3, "column": 13 },
        "end": { "line": 3, "column": 29 }
      },
      "2": {
        "start": { "line": 5, "column": 21 },
        "end": { "line": 5, "column": 107 }
      },
      "3": {
        "start": { "line": 7, "column": 0 },
        "end": { "line": 10, "column": 2 }
      }
    },
    "fnMap": {},
    "branchMap": {
      "0": {
        "loc": {
          "start": { "line": 5, "column": 21 },
          "end": { "line": 5, "column": 107 }
        },
        "type": "cond-expr",
        "locations": [
          {
            "start": { "line": 5, "column": 55 },
            "end": { "line": 5, "column": 83 }
          },
          {
            "start": { "line": 5, "column": 84 },
            "end": { "line": 5, "column": 107 }
          }
        ],
        "line": 5
      }
    },
    "s": { "0": 1, "1": 1, "2": 1, "3": 1 },
    "f": {},
    "b": { "0": [1, 0] },
    "_coverageSchema": "1a1c01bbd47fc00a2c39e90264f33305004495a9",
    "hash": "0b5421babd6207f13c6228014a0f38704408b087"
  },
  "/Users/hossein.movahed/Desktop/test/fullstack/backend/bitbucket-test/utils/logger.js": {
    "path": "/Users/hossein.movahed/Desktop/test/fullstack/backend/bitbucket-test/utils/logger.js",
    "statementMap": {
      "0": {
        "start": { "line": 1, "column": 13 },
        "end": { "line": 3, "column": 1 }
      },
      "1": {
        "start": { "line": 2, "column": 2 },
        "end": { "line": 2, "column": 65 }
      },
      "2": {
        "start": { "line": 2, "column": 41 },
        "end": { "line": 2, "column": 64 }
      },
      "3": {
        "start": { "line": 5, "column": 14 },
        "end": { "line": 9, "column": 1 }
      },
      "4": {
        "start": { "line": 6, "column": 2 },
        "end": { "line": 8, "column": 3 }
      },
      "5": {
        "start": { "line": 7, "column": 4 },
        "end": { "line": 7, "column": 29 }
      },
      "6": {
        "start": { "line": 11, "column": 0 },
        "end": { "line": 14, "column": 2 }
      }
    },
    "fnMap": {
      "0": {
        "name": "(anonymous_0)",
        "decl": {
          "start": { "line": 1, "column": 13 },
          "end": { "line": 1, "column": 14 }
        },
        "loc": {
          "start": { "line": 1, "column": 28 },
          "end": { "line": 3, "column": 1 }
        },
        "line": 1
      },
      "1": {
        "name": "(anonymous_1)",
        "decl": {
          "start": { "line": 5, "column": 14 },
          "end": { "line": 5, "column": 15 }
        },
        "loc": {
          "start": { "line": 5, "column": 29 },
          "end": { "line": 9, "column": 1 }
        },
        "line": 5
      }
    },
    "branchMap": {
      "0": {
        "loc": {
          "start": { "line": 2, "column": 2 },
          "end": { "line": 2, "column": 65 }
        },
        "type": "if",
        "locations": [
          {
            "start": { "line": 2, "column": 2 },
            "end": { "line": 2, "column": 65 }
          },
          { "start": {}, "end": {} }
        ],
        "line": 2
      },
      "1": {
        "loc": {
          "start": { "line": 6, "column": 2 },
          "end": { "line": 8, "column": 3 }
        },
        "type": "if",
        "locations": [
          {
            "start": { "line": 6, "column": 2 },
            "end": { "line": 8, "column": 3 }
          },
          { "start": {}, "end": {} }
        ],
        "line": 6
      }
    },
    "s": { "0": 1, "1": 14, "2": 0, "3": 1, "4": 1, "5": 0, "6": 1 },
    "f": { "0": 14, "1": 1 },
    "b": { "0": [0, 14], "1": [0, 1] },
    "_coverageSchema": "1a1c01bbd47fc00a2c39e90264f33305004495a9",
    "hash": "3a80b9c8cbb7436d194a9bccb6d9b25c94fa0ede"
  },
  "/Users/hossein.movahed/Desktop/test/fullstack/backend/bitbucket-test/utils/middleware.js": {
    "path": "/Users/hossein.movahed/Desktop/test/fullstack/backend/bitbucket-test/utils/middleware.js",
    "statementMap": {
      "0": {
        "start": { "line": 1, "column": 15 },
        "end": { "line": 1, "column": 34 }
      },
      "1": {
        "start": { "line": 3, "column": 22 },
        "end": { "line": 9, "column": 1 }
      },
      "2": {
        "start": { "line": 4, "column": 2 },
        "end": { "line": 4, "column": 41 }
      },
      "3": {
        "start": { "line": 5, "column": 2 },
        "end": { "line": 5, "column": 37 }
      },
      "4": {
        "start": { "line": 6, "column": 2 },
        "end": { "line": 6, "column": 37 }
      },
      "5": {
        "start": { "line": 7, "column": 2 },
        "end": { "line": 7, "column": 21 }
      },
      "6": {
        "start": { "line": 8, "column": 2 },
        "end": { "line": 8, "column": 9 }
      },
      "7": {
        "start": { "line": 11, "column": 24 },
        "end": { "line": 13, "column": 1 }
      },
      "8": {
        "start": { "line": 12, "column": 2 },
        "end": { "line": 12, "column": 59 }
      },
      "9": {
        "start": { "line": 15, "column": 21 },
        "end": { "line": 23, "column": 1 }
      },
      "10": {
        "start": { "line": 16, "column": 2 },
        "end": { "line": 16, "column": 30 }
      },
      "11": {
        "start": { "line": 17, "column": 2 },
        "end": { "line": 21, "column": 3 }
      },
      "12": {
        "start": { "line": 18, "column": 4 },
        "end": { "line": 18, "column": 67 }
      },
      "13": {
        "start": { "line": 19, "column": 9 },
        "end": { "line": 21, "column": 3 }
      },
      "14": {
        "start": { "line": 20, "column": 4 },
        "end": { "line": 20, "column": 63 }
      },
      "15": {
        "start": { "line": 22, "column": 2 },
        "end": { "line": 22, "column": 14 }
      },
      "16": {
        "start": { "line": 25, "column": 0 },
        "end": { "line": 25, "column": 66 }
      }
    },
    "fnMap": {
      "0": {
        "name": "(anonymous_0)",
        "decl": {
          "start": { "line": 3, "column": 22 },
          "end": { "line": 3, "column": 23 }
        },
        "loc": {
          "start": { "line": 3, "column": 51 },
          "end": { "line": 9, "column": 1 }
        },
        "line": 3
      },
      "1": {
        "name": "(anonymous_1)",
        "decl": {
          "start": { "line": 11, "column": 24 },
          "end": { "line": 11, "column": 25 }
        },
        "loc": {
          "start": { "line": 11, "column": 47 },
          "end": { "line": 13, "column": 1 }
        },
        "line": 11
      },
      "2": {
        "name": "(anonymous_2)",
        "decl": {
          "start": { "line": 15, "column": 21 },
          "end": { "line": 15, "column": 22 }
        },
        "loc": {
          "start": { "line": 15, "column": 57 },
          "end": { "line": 23, "column": 1 }
        },
        "line": 15
      }
    },
    "branchMap": {
      "0": {
        "loc": {
          "start": { "line": 17, "column": 2 },
          "end": { "line": 21, "column": 3 }
        },
        "type": "if",
        "locations": [
          {
            "start": { "line": 17, "column": 2 },
            "end": { "line": 21, "column": 3 }
          },
          {
            "start": { "line": 19, "column": 9 },
            "end": { "line": 21, "column": 3 }
          }
        ],
        "line": 17
      },
      "1": {
        "loc": {
          "start": { "line": 19, "column": 9 },
          "end": { "line": 21, "column": 3 }
        },
        "type": "if",
        "locations": [
          {
            "start": { "line": 19, "column": 9 },
            "end": { "line": 21, "column": 3 }
          },
          { "start": {}, "end": {} }
        ],
        "line": 19
      }
    },
    "s": {
      "0": 1,
      "1": 1,
      "2": 3,
      "3": 3,
      "4": 3,
      "5": 3,
      "6": 3,
      "7": 1,
      "8": 0,
      "9": 1,
      "10": 1,
      "11": 1,
      "12": 1,
      "13": 0,
      "14": 0,
      "15": 0,
      "16": 1
    },
    "f": { "0": 3, "1": 0, "2": 1 },
    "b": { "0": [1, 0], "1": [0, 0] },
    "_coverageSchema": "1a1c01bbd47fc00a2c39e90264f33305004495a9",
    "hash": "3e48092af15dc0a5d2c576e5c63a8588e0f4cf74"
  }
}
